<?xml version="1.0" encoding="UTF-8"?>
<!-- Generated by org.testng.reporters.JUnitReportReporter -->
<testsuite hostname="LAPTOP-RECDC7GO" failures="0" tests="6" name="src.main.test.BaseUITest" time="102.787" errors="0" timestamp="2022-10-09T11:10:37 CAT" skipped="0">
  <testcase classname="src.main.test.BaseUITest" name="TC1" time="22.391"/>
  <system-out/>
  <testcase classname="src.main.test.BaseUITest" name="TC2" time="16.107"/>
  <system-out/>
  <testcase classname="src.main.test.BaseUITest" name="TC3" time="8.725"/>
  <system-out/>
  <testcase classname="src.main.test.BaseUITest" name="TC4" time="11.358"/>
  <system-out/>
  <testcase classname="src.main.test.BaseUITest" name="TC5" time="21.400"/>
  <system-out/>
  <testcase classname="src.main.test.BaseUITest" name="TC6" time="22.806"/>
  <system-out/>
</testsuite> <!-- src.main.test.BaseUITest -->
