<?xml version="1.0" encoding="UTF-8"?>
<!-- Generated by org.testng.reporters.JUnitReportReporter -->
<testsuite hostname="LAPTOP-RECDC7GO" failures="0" tests="6" name="applicationpages.BaseUITest" time="65.412" errors="0" timestamp="2022-10-09T05:41:52 CAT" skipped="0">
  <testcase classname="applicationpages.BaseUITest" name="TC1" time="11.416"/>
  <system-out/>
  <testcase classname="applicationpages.BaseUITest" name="TC2" time="9.591"/>
  <system-out/>
  <testcase classname="applicationpages.BaseUITest" name="TC3" time="5.416"/>
  <system-out/>
  <testcase classname="applicationpages.BaseUITest" name="TC4" time="8.353"/>
  <system-out/>
  <testcase classname="applicationpages.BaseUITest" name="TC5" time="12.795"/>
  <system-out/>
  <testcase classname="applicationpages.BaseUITest" name="TC6" time="17.841"/>
  <system-out/>
</testsuite> <!-- applicationpages.BaseUITest -->
